<?xml version="1.0" encoding="UTF-8"?>
<testsuite xmlns:xsi="http://www.w3.org/2001/XMLSchema-instance" xsi:noNamespaceSchemaLocation="https://maven.apache.org/surefire/maven-surefire-plugin/xsd/surefire-test-report.xsd" version="3.0.2" name="com.eventledger.EventLedgerApplicationTests" time="0.565" tests="1" errors="0" skipped="0" failures="0">
  <properties>
[...]
</properties>
  <testcase name="contextLoads" classname="com.eventledger.EventLedgerApplicationTests" time="0.0">
    <system-out><![CDATA[2026-05-22T22:32:50.601+05:30  INFO 22104 --- [event-ledger-api] [           main] t.c.s.AnnotationConfigContextLoaderUtils : Could not detect default configuration classes for test class [com.eventledger.EventLedgerApplicationTests]: EventLedgerApplicationTests does not declare any static, non-private, non-final, nested classes annotated with @Configuration.
2026-05-22T22:32:50.613+05:30  INFO 22104 --- [event-ledger-api] [           main] .b.t.c.SpringBootTestContextBootstrapper : Found @SpringBootConfiguration com.eventledger.EventLedgerApplication for test class com.eventledger.EventLedgerApplicationTests

  .   ____          _            __ _ _
 /\\ / ___'_ __ _ _(_)_ __  __ _ \ \ \ \
( ( )\___ | '_ | '_| | '_ \/ _` | \ \ \ \
 \\/  ___)| |_)| | | | | || (_| |  ) ) ) )
  '  |____| .__|_| |_|_| |_\__, | / / / /
 =========|_|==============|___/=/_/_/_/

 :: Spring Boot ::                (v3.4.1)

2026-05-22T22:32:50.642+05:30  INFO 22104 --- [event-ledger-api] [           main] c.e.EventLedgerApplicationTests          : Starting EventLedgerApplicationTests using Java 21.0.10 with PID 22104 (started by Sarathkumar Ravi in E:\Java project)
2026-05-22T22:32:50.642+05:30 DEBUG 22104 --- [event-ledger-api] [           main] c.e.EventLedgerApplicationTests          : Running with Spring Boot v3.4.1, Spring v6.2.1
2026-05-22T22:32:50.642+05:30  INFO 22104 --- [event-ledger-api] [           main] c.e.EventLedgerApplicationTests          : No active profile set, falling back to 1 default profile: "default"
2026-05-22T22:32:50.807+05:30  INFO 22104 --- [event-ledger-api] [           main] .s.d.r.c.RepositoryConfigurationDelegate : Bootstrapping Spring Data JPA repositories in DEFAULT mode.
2026-05-22T22:32:50.821+05:30  INFO 22104 --- [event-ledger-api] [           main] .s.d.r.c.RepositoryConfigurationDelegate : Finished Spring Data repository scanning in 13 ms. Found 1 JPA repository interface.
2026-05-22T22:32:50.901+05:30  INFO 22104 --- [event-ledger-api] [           main] o.hibernate.jpa.internal.util.LogHelper  : HHH000204: Processing PersistenceUnitInfo [name: default]
2026-05-22T22:32:50.909+05:30  INFO 22104 --- [event-ledger-api] [           main] o.h.c.internal.RegionFactoryInitiator    : HHH000026: Second-level cache disabled
2026-05-22T22:32:50.919+05:30  INFO 22104 --- [event-ledger-api] [           main] o.s.o.j.p.SpringPersistenceUnitInfo      : No LoadTimeWeaver setup: ignoring JPA class transformer
2026-05-22T22:32:50.919+05:30  INFO 22104 --- [event-ledger-api] [           main] com.zaxxer.hikari.HikariDataSource       : HikariPool-2 - Starting...
2026-05-22T22:32:50.921+05:30  INFO 22104 --- [event-ledger-api] [           main] com.zaxxer.hikari.pool.HikariPool        : HikariPool-2 - Added connection conn10: url=jdbc:h2:mem:eventledgerdb user=SA
2026-05-22T22:32:50.921+05:30  INFO 22104 --- [event-ledger-api] [           main] com.zaxxer.hikari.HikariDataSource       : HikariPool-2 - Start completed.
2026-05-22T22:32:50.921+05:30  WARN 22104 --- [event-ledger-api] [           main] org.hibernate.orm.deprecation            : HHH90000025: H2Dialect does not need to be specified explicitly using 'hibernate.dialect' (remove the property setting and it will be selected by default)
2026-05-22T22:32:50.921+05:30  INFO 22104 --- [event-ledger-api] [           main] org.hibernate.orm.connections.pooling    : HHH10001005: Database info:
	Database JDBC URL [Connecting through datasource 'HikariDataSource (HikariPool-2)']
	Database driver: undefined/unknown
	Database version: 2.3.232
	Autocommit mode: undefined/unknown
	Isolation level: undefined/unknown
	Minimum pool size: undefined/unknown
	Maximum pool size: undefined/unknown
2026-05-22T22:32:50.973+05:30  INFO 22104 --- [event-ledger-api] [           main] o.h.e.t.j.p.i.JtaPlatformInitiator       : HHH000489: No JTA platform available (set 'hibernate.transaction.jta.platform' to enable JTA platform integration)
2026-05-22T22:32:50.981+05:30  INFO 22104 --- [event-ledger-api] [           main] j.LocalContainerEntityManagerFactoryBean : Initialized JPA EntityManagerFactory for persistence unit 'default'
2026-05-22T22:32:51.072+05:30  WARN 22104 --- [event-ledger-api] [           main] JpaBaseConfiguration$JpaWebConfiguration : spring.jpa.open-in-view is enabled by default. Therefore, database queries may be performed during view rendering. Explicitly configure spring.jpa.open-in-view to disable this warning
2026-05-22T22:32:51.150+05:30  INFO 22104 --- [event-ledger-api] [           main] o.s.b.a.h2.H2ConsoleAutoConfiguration    : H2 console available at '/h2-console'. Database available at 'jdbc:h2:mem:eventledgerdb'
2026-05-22T22:32:51.158+05:30  INFO 22104 --- [event-ledger-api] [           main] c.e.EventLedgerApplicationTests          : Started EventLedgerApplicationTests in 0.54 seconds (process running for 10.405)
]]></system-out>
  </testcase>
</testsuite>