<?xml version="1.0" encoding="UTF-8"?>
<testsuite xmlns:xsi="http://www.w3.org/2001/XMLSchema-instance" xsi:noNamespaceSchemaLocation="https://maven.apache.org/surefire/maven-surefire-plugin/xsd/surefire-test-report.xsd" version="3.0.2" name="com.eventledger.controller.EventControllerIntegrationTest" time="0.314" tests="18" errors="0" skipped="0" failures="0">
  <properties>
[...]
</properties>
  <testcase name="getEvent_nonExistentId_returns404" classname="com.eventledger.controller.EventControllerIntegrationTest" time="0.014">
    <system-out><![CDATA[2026-05-25T16:58:35.842+05:30  INFO 1356 --- [event-ledger-api] [           main] t.c.s.AnnotationConfigContextLoaderUtils : Could not detect default configuration classes for test class [com.eventledger.controller.EventControllerIntegrationTest]: EventControllerIntegrationTest does not declare any static, non-private, non-final, nested classes annotated with @Configuration.
2026-05-25T16:58:35.845+05:30  INFO 1356 --- [event-ledger-api] [           main] .b.t.c.SpringBootTestContextBootstrapper : Found @SpringBootConfiguration com.eventledger.EventLedgerApplication for test class com.eventledger.controller.EventControllerIntegrationTest
]]></system-out>
  </testcase>
  <testcase name="getEventsByAccount_outOfOrderSubmission_returnsChronologicalOrder" classname="com.eventledger.controller.EventControllerIntegrationTest" time="0.077">
    <system-out><![CDATA[2026-05-25T16:58:35.879+05:30 DEBUG 1356 --- [event-ledger-api] [           main] c.eventledger.service.EventServiceImpl   : Saved new event: evt-ooo-c
2026-05-25T16:58:35.891+05:30 DEBUG 1356 --- [event-ledger-api] [           main] c.eventledger.service.EventServiceImpl   : Saved new event: evt-ooo-a
2026-05-25T16:58:35.891+05:30 DEBUG 1356 --- [event-ledger-api] [           main] c.eventledger.service.EventServiceImpl   : Saved new event: evt-ooo-b
]]></system-out>
  </testcase>
  <testcase name="postEvent_missingEventId_returns400" classname="com.eventledger.controller.EventControllerIntegrationTest" time="0.017"/>
  <testcase name="postEvent_invalidType_returns400" classname="com.eventledger.controller.EventControllerIntegrationTest" time="0.0"/>
  <testcase name="postEvent_zeroAmount_returns400" classname="com.eventledger.controller.EventControllerIntegrationTest" time="0.015"/>
  <testcase name="getEventsByAccount_negativePage_returns400" classname="com.eventledger.controller.EventControllerIntegrationTest" time="0.021"/>
  <testcase name="getEventsByAccount_nonExistentAccount_returns404" classname="com.eventledger.controller.EventControllerIntegrationTest" time="0.003"/>
  <testcase name="getEventsByAccount_secondPage_returnsRemainingEvents" classname="com.eventledger.controller.EventControllerIntegrationTest" time="0.029">
    <system-out><![CDATA[2026-05-25T16:58:36.007+05:30 DEBUG 1356 --- [event-ledger-api] [           main] c.eventledger.service.EventServiceImpl   : Saved new event: evt-pg2-1
2026-05-25T16:58:36.013+05:30 DEBUG 1356 --- [event-ledger-api] [           main] c.eventledger.service.EventServiceImpl   : Saved new event: evt-pg2-2
2026-05-25T16:58:36.018+05:30 DEBUG 1356 --- [event-ledger-api] [           main] c.eventledger.service.EventServiceImpl   : Saved new event: evt-pg2-3
]]></system-out>
  </testcase>
  <testcase name="postEvent_duplicateEventId_returns200OkWithOriginalData" classname="com.eventledger.controller.EventControllerIntegrationTest" time="0.016">
    <system-out><![CDATA[2026-05-25T16:58:36.038+05:30 DEBUG 1356 --- [event-ledger-api] [           main] c.eventledger.service.EventServiceImpl   : Saved new event: evt-dup
2026-05-25T16:58:36.044+05:30 DEBUG 1356 --- [event-ledger-api] [           main] c.eventledger.service.EventServiceImpl   : Duplicate event received: evt-dup
]]></system-out>
  </testcase>
  <testcase name="getEvent_existingId_returns200WithBody" classname="com.eventledger.controller.EventControllerIntegrationTest" time="0.012">
    <system-out><![CDATA[2026-05-25T16:58:36.054+05:30 DEBUG 1356 --- [event-ledger-api] [           main] c.eventledger.service.EventServiceImpl   : Saved new event: evt-get-1
]]></system-out>
  </testcase>
  <testcase name="postEvent_missingAccountId_returns400" classname="com.eventledger.controller.EventControllerIntegrationTest" time="0.002"/>
  <testcase name="postEvent_missingTimestamp_returns400" classname="com.eventledger.controller.EventControllerIntegrationTest" time="0.006"/>
  <testcase name="getEventsByAccount_zeroSize_returns400" classname="com.eventledger.controller.EventControllerIntegrationTest" time="0.006"/>
  <testcase name="postEvent_malformedJson_returns400" classname="com.eventledger.controller.EventControllerIntegrationTest" time="0.01"/>
  <testcase name="getEventsByAccount_firstPage_returnsCorrectSlice" classname="com.eventledger.controller.EventControllerIntegrationTest" time="0.018">
    <system-out><![CDATA[2026-05-25T16:58:36.082+05:30 DEBUG 1356 --- [event-ledger-api] [           main] c.eventledger.service.EventServiceImpl   : Saved new event: evt-pg-1
2026-05-25T16:58:36.082+05:30 DEBUG 1356 --- [event-ledger-api] [           main] c.eventledger.service.EventServiceImpl   : Saved new event: evt-pg-2
2026-05-25T16:58:36.098+05:30 DEBUG 1356 --- [event-ledger-api] [           main] c.eventledger.service.EventServiceImpl   : Saved new event: evt-pg-3
]]></system-out>
  </testcase>
  <testcase name="getEventsByAccount_existingAccount_returns200WithPagedContent" classname="com.eventledger.controller.EventControllerIntegrationTest" time="0.035">
    <system-out><![CDATA[2026-05-25T16:58:36.115+05:30 DEBUG 1356 --- [event-ledger-api] [           main] c.eventledger.service.EventServiceImpl   : Saved new event: evt-list-1
2026-05-25T16:58:36.121+05:30 DEBUG 1356 --- [event-ledger-api] [           main] c.eventledger.service.EventServiceImpl   : Saved new event: evt-list-2
]]></system-out>
  </testcase>
  <testcase name="postEvent_negativeAmount_returns400" classname="com.eventledger.controller.EventControllerIntegrationTest" time="0.006"/>
  <testcase name="postEvent_validPayload_returns201Created" classname="com.eventledger.controller.EventControllerIntegrationTest" time="0.009">
    <system-out><![CDATA[2026-05-25T16:58:36.148+05:30 DEBUG 1356 --- [event-ledger-api] [           main] c.eventledger.service.EventServiceImpl   : Saved new event: evt-001
]]></system-out>
  </testcase>
</testsuite>